work/journal [master●] » youtube-dl -x --verbose https://www.youtube.com/watch\?v\=eaM9tST8Xuc
[debug] System config: []
[debug] User config: []
[debug] Custom config: []
[debug] Command-line args: ['-x', '--verbose', 'https://www.youtube.com/watch?v=eaM9tST8Xuc'\]
[debug] Encodings: locale UTF-8, fs utf-8, out UTF-8, pref UTF-8
[debug] youtube-dl version 2019.11.22
[debug] Python version 3.7.6 (CPython) - Linux-4.15.0-76-generic-x86_64-with-debian-buster-sid
[debug] exe versions: ffmpeg 4.2.2, ffprobe 4.2.2, rtmpdump 2.4
[debug] Proxy map: {}
[youtube] eaM9tST8Xuc: Downloading webpage
[youtube] eaM9tST8Xuc: Downloading video info webpage
[youtube] {18} signature length 105, html5 player vflp5fPn0
[youtube] eaM9tST8Xuc: Downloading player https://www.youtube.com/yts/jsbin/player_ias-vflp5fPn0/en_US/base.js
ERROR: Signature extraction failed: Traceback (most recent call last):
  File "/home/geoff/.local/lib/python3.7/site-packages/youtube_dl/extractor/youtube.py", line 1380, in _decrypt_signature
    video_id, player_url, s
  File "/home/geoff/.local/lib/python3.7/site-packages/youtube_dl/extractor/youtube.py", line 1293, in _extract_signature_function
    cache_res = res(test_string)
  File "/home/geoff/.local/lib/python3.7/site-packages/youtube_dl/extractor/youtube.py", line 1356, in <lambda>
    return lambda s: initial_function([s])
  File "/home/geoff/.local/lib/python3.7/site-packages/youtube_dl/jsinterp.py", line 258, in resf
    res, abort = self.interpret_statement(stmt, local_vars)
  File "/home/geoff/.local/lib/python3.7/site-packages/youtube_dl/jsinterp.py", line 56, in interpret_statement
    v = self.interpret_expression(expr, local_vars, allow_recursion)
  File "/home/geoff/.local/lib/python3.7/site-packages/youtube_dl/jsinterp.py", line 92, in interpret_expression
    m.group('expr'), local_vars, allow_recursion - 1)
  File "/home/geoff/.local/lib/python3.7/site-packages/youtube_dl/jsinterp.py", line 189, in interpret_expression
    m.group('x'), local_vars, allow_recursion - 1)
  File "/home/geoff/.local/lib/python3.7/site-packages/youtube_dl/jsinterp.py", line 56, in interpret_statement
    v = self.interpret_expression(expr, local_vars, allow_recursion)
  File "/home/geoff/.local/lib/python3.7/site-packages/youtube_dl/jsinterp.py", line 211, in interpret_expression
    raise ExtractorError('Unsupported JS expression %r' % expr)
youtube_dl.utils.ExtractorError: Unsupported JS expression '[1596180896,'; please report this issue on https://yt-dl.org/bug . Make sure you are using the latest version; see  https://yt-dl.org/update  on how to update. Be sure to call youtube-dl with the --verbose flag and include its complete output.
 (caused by ExtractorError("Unsupported JS expression '[1596180896,'; please report this issue on https://yt-dl.org/bug . Make sure you are using the latest version; see  https://yt-dl.org/update  on how to update. Be sure to call youtube-dl with the --verbose flag and include its complete output.")); please report this issue on https://yt-dl.org/bug . Make sure you are using the latest version; see  https://yt-dl.org/update  on how to update. Be sure to call youtube-dl with the --verbose flag and include its complete output.
Traceback (most recent call last):
  File "/home/geoff/.local/lib/python3.7/site-packages/youtube_dl/extractor/youtube.py", line 1380, in _decrypt_signature
    video_id, player_url, s
  File "/home/geoff/.local/lib/python3.7/site-packages/youtube_dl/extractor/youtube.py", line 1293, in _extract_signature_function
    cache_res = res(test_string)
  File "/home/geoff/.local/lib/python3.7/site-packages/youtube_dl/extractor/youtube.py", line 1356, in <lambda>
    return lambda s: initial_function([s])
  File "/home/geoff/.local/lib/python3.7/site-packages/youtube_dl/jsinterp.py", line 258, in resf
    res, abort = self.interpret_statement(stmt, local_vars)
  File "/home/geoff/.local/lib/python3.7/site-packages/youtube_dl/jsinterp.py", line 56, in interpret_statement
    v = self.interpret_expression(expr, local_vars, allow_recursion)
  File "/home/geoff/.local/lib/python3.7/site-packages/youtube_dl/jsinterp.py", line 92, in interpret_expression
    m.group('expr'), local_vars, allow_recursion - 1)
  File "/home/geoff/.local/lib/python3.7/site-packages/youtube_dl/jsinterp.py", line 189, in interpret_expression
    m.group('x'), local_vars, allow_recursion - 1)
  File "/home/geoff/.local/lib/python3.7/site-packages/youtube_dl/jsinterp.py", line 56, in interpret_statement
    v = self.interpret_expression(expr, local_vars, allow_recursion)
  File "/home/geoff/.local/lib/python3.7/site-packages/youtube_dl/jsinterp.py", line 211, in interpret_expression
    raise ExtractorError('Unsupported JS expression %r' % expr)
youtube_dl.utils.ExtractorError: Unsupported JS expression '[1596180896,'; please report this issue on https://yt-dl.org/bug . Make sure you are using the latest version; see  https://yt-dl.org/update  on how to update. Be sure to call youtube-dl with the --verbose flag and include its complete output.
Traceback (most recent call last):
  File "/home/geoff/.local/lib/python3.7/site-packages/youtube_dl/extractor/youtube.py", line 1380, in _decrypt_signature
    video_id, player_url, s
  File "/home/geoff/.local/lib/python3.7/site-packages/youtube_dl/extractor/youtube.py", line 1293, in _extract_signature_function
    cache_res = res(test_string)
  File "/home/geoff/.local/lib/python3.7/site-packages/youtube_dl/extractor/youtube.py", line 1356, in <lambda>
    return lambda s: initial_function([s])
  File "/home/geoff/.local/lib/python3.7/site-packages/youtube_dl/jsinterp.py", line 258, in resf
    res, abort = self.interpret_statement(stmt, local_vars)
  File "/home/geoff/.local/lib/python3.7/site-packages/youtube_dl/jsinterp.py", line 56, in interpret_statement
    v = self.interpret_expression(expr, local_vars, allow_recursion)
  File "/home/geoff/.local/lib/python3.7/site-packages/youtube_dl/jsinterp.py", line 92, in interpret_expression
    m.group('expr'), local_vars, allow_recursion - 1)
  File "/home/geoff/.local/lib/python3.7/site-packages/youtube_dl/jsinterp.py", line 189, in interpret_expression
    m.group('x'), local_vars, allow_recursion - 1)
  File "/home/geoff/.local/lib/python3.7/site-packages/youtube_dl/jsinterp.py", line 56, in interpret_statement
    v = self.interpret_expression(expr, local_vars, allow_recursion)
  File "/home/geoff/.local/lib/python3.7/site-packages/youtube_dl/jsinterp.py", line 211, in interpret_expression
    raise ExtractorError('Unsupported JS expression %r' % expr)
youtube_dl.utils.ExtractorError: Unsupported JS expression '[1596180896,'; please report this issue on https://yt-dl.org/bug . Make sure you are using the latest version; see  https://yt-dl.org/update  on how to update. Be sure to call youtube-dl with the --verbose flag and include its complete output.

During handling of the above exception, another exception occurred:

Traceback (most recent call last):
  File "/home/geoff/.local/lib/python3.7/site-packages/youtube_dl/YoutubeDL.py", line 796, in extract_info
    ie_result = ie.extract(url)
  File "/home/geoff/.local/lib/python3.7/site-packages/youtube_dl/extractor/common.py", line 530, in extract
    ie_result = self._real_extract(url)
  File "/home/geoff/.local/lib/python3.7/site-packages/youtube_dl/extractor/youtube.py", line 2043, in _real_extract
    encrypted_sig, video_id, player_url, age_gate)
  File "/home/geoff/.local/lib/python3.7/site-packages/youtube_dl/extractor/youtube.py", line 1390, in _decrypt_signature
    'Signature extraction failed: ' + tb, cause=e)
youtube_dl.utils.ExtractorError: Signature extraction failed: Traceback (most recent call last):
  File "/home/geoff/.local/lib/python3.7/site-packages/youtube_dl/extractor/youtube.py", line 1380, in _decrypt_signature
    video_id, player_url, s
  File "/home/geoff/.local/lib/python3.7/site-packages/youtube_dl/extractor/youtube.py", line 1293, in _extract_signature_function
    cache_res = res(test_string)
  File "/home/geoff/.local/lib/python3.7/site-packages/youtube_dl/extractor/youtube.py", line 1356, in <lambda>
    return lambda s: initial_function([s])
  File "/home/geoff/.local/lib/python3.7/site-packages/youtube_dl/jsinterp.py", line 258, in resf
    res, abort = self.interpret_statement(stmt, local_vars)
  File "/home/geoff/.local/lib/python3.7/site-packages/youtube_dl/jsinterp.py", line 56, in interpret_statement
    v = self.interpret_expression(expr, local_vars, allow_recursion)
  File "/home/geoff/.local/lib/python3.7/site-packages/youtube_dl/jsinterp.py", line 92, in interpret_expression
    m.group('expr'), local_vars, allow_recursion - 1)
  File "/home/geoff/.local/lib/python3.7/site-packages/youtube_dl/jsinterp.py", line 189, in interpret_expression
    m.group('x'), local_vars, allow_recursion - 1)
  File "/home/geoff/.local/lib/python3.7/site-packages/youtube_dl/jsinterp.py", line 56, in interpret_statement
    v = self.interpret_expression(expr, local_vars, allow_recursion)
  File "/home/geoff/.local/lib/python3.7/site-packages/youtube_dl/jsinterp.py", line 211, in interpret_expression
    raise ExtractorError('Unsupported JS expression %r' % expr)
youtube_dl.utils.ExtractorError: Unsupported JS expression '[1596180896,'; please report this issue on https://yt-dl.org/bug . Make sure you are using the latest version; see  https://yt-dl.org/update  on how to update. Be sure to call youtube-dl with the --verbose flag and include its complete output.
 (caused by ExtractorError("Unsupported JS expression '[1596180896,'; please report this issue on https://yt-dl.org/bug . Make sure you are using the latest version; see  https://yt-dl.org/update  on how to update. Be sure to call youtube-dl with the --verbose flag and include its complete output.")); please report this issue on https://yt-dl.org/bug . Make sure you are using the latest version; see  https://yt-dl.org/update  on how to update. Be sure to call youtube-dl with the --verbose flag and include its complete output.
